# JRE version: Java(TM) SE Runtime Environment (17.0.12+8) (build 17.0.12+8-LTS-286)
# Java VM: Java HotSpot(TM) 64-Bit Server VM (17.0.12+8-LTS-286, mixed mode, sharing, tiered, compressed oops, compressed class ptrs, g1 gc, windows-amd64)
GC Precious Log:
 CPUs: 12 total, 12 available
 Memory: 17285M
 Large Page Support: Disabled
 NUMA Support: Disabled
 Compressed Oops: Enabled (Zero based)
 Heap Region Size: 4M
 Heap Min Capacity: 8M
 Heap Initial Capacity: 272M
 Heap Max Capacity: 8G
 Pre-touch: Disabled
 Parallel Workers: 10
 Concurrent Workers: 3
 Concurrent Refinement Workers: 10
 Periodic GC: Disabled
Heap:
 garbage-first heap   total 622592K, used 413781K [0x0000000600000000, 0x0000000800000000)
  region size 4096K, 15 young (61440K), 4 survivors (16384K)
 Metaspace       used 130842K, committed 132224K, reserved 1179648K
  class space    used 17730K, committed 18368K, reserved 1048576K
GC Heap History (20 events):
Event: 124.893 GC heap before
{Heap before GC invocations=72 (full 15):
 garbage-first heap   total 385024K, used 107102K [0x0000000600000000, 0x0000000800000000)
  region size 4096K, 1 young (4096K), 0 survivors (0K)
 Metaspace       used 104510K, committed 105664K, reserved 1179648K
  class space    used 14350K, committed 14912K, reserved 1048576K
}
Event: 124.924 GC heap after
{Heap after GC invocations=73 (full 16):
 garbage-first heap   total 385024K, used 107105K [0x0000000600000000, 0x0000000800000000)
  region size 4096K, 0 young (0K), 0 survivors (0K)
 Metaspace       used 104510K, committed 105664K, reserved 1179648K
  class space    used 14350K, committed 14912K, reserved 1048576K
}
Event: 137.535 GC heap before
{Heap before GC invocations=73 (full 16):
 garbage-first heap   total 385024K, used 295521K [0x0000000600000000, 0x0000000800000000)
  region size 4096K, 46 young (188416K), 0 survivors (0K)
 Metaspace       used 105380K, committed 106688K, reserved 1179648K
  class space    used 14446K, committed 15104K, reserved 1048576K
}
Event: 137.541 GC heap after
{Heap after GC invocations=74 (full 16):
 garbage-first heap   total 385024K, used 124852K [0x0000000600000000, 0x0000000800000000)
  region size 4096K, 5 young (20480K), 5 survivors (20480K)
 Metaspace       used 105380K, committed 106688K, reserved 1179648K
  class space    used 14446K, committed 15104K, reserved 1048576K
}
Event: 138.581 GC heap before
{Heap before GC invocations=75 (full 16):
 garbage-first heap   total 385024K, used 288692K [0x0000000600000000, 0x0000000800000000)
  region size 4096K, 46 young (188416K), 5 survivors (20480K)
 Metaspace       used 110687K, committed 112000K, reserved 1179648K
  class space    used 14948K, committed 15616K, reserved 1048576K
}
Event: 138.586 GC heap after
{Heap after GC invocations=76 (full 16):
 garbage-first heap   total 385024K, used 131939K [0x0000000600000000, 0x0000000800000000)
  region size 4096K, 3 young (12288K), 3 survivors (12288K)
 Metaspace       used 110687K, committed 112000K, reserved 1179648K
  class space    used 14948K, committed 15616K, reserved 1048576K
}
Event: 150.938 GC heap before
{Heap before GC invocations=76 (full 16):
 garbage-first heap   total 385024K, used 291683K [0x0000000600000000, 0x0000000800000000)
  region size 4096K, 43 young (176128K), 3 survivors (12288K)
 Metaspace       used 114668K, committed 116032K, reserved 1179648K
  class space    used 15407K, committed 16064K, reserved 1048576K
}
Event: 150.941 GC heap after
{Heap after GC invocations=77 (full 16):
 garbage-first heap   total 385024K, used 129285K [0x0000000600000000, 0x0000000800000000)
  region size 4096K, 2 young (8192K), 2 survivors (8192K)
 Metaspace       used 114668K, committed 116032K, reserved 1179648K
  class space    used 15407K, committed 16064K, reserved 1048576K
}
Event: 159.803 GC heap before
{Heap before GC invocations=77 (full 16):
 garbage-first heap   total 385024K, used 301317K [0x0000000600000000, 0x0000000800000000)
  region size 4096K, 44 young (180224K), 2 survivors (8192K)
 Metaspace       used 115219K, committed 116544K, reserved 1179648K
  class space    used 15451K, committed 16128K, reserved 1048576K
}
Event: 159.809 GC heap after
{Heap after GC invocations=78 (full 16):
 garbage-first heap   total 385024K, used 144584K [0x0000000600000000, 0x0000000800000000)
  region size 4096K, 6 young (24576K), 6 survivors (24576K)
 Metaspace       used 115219K, committed 116544K, reserved 1179648K
  class space    used 15451K, committed 16128K, reserved 1048576K
}
Event: 160.475 GC heap before
{Heap before GC invocations=78 (full 16):
 garbage-first heap   total 385024K, used 308424K [0x0000000600000000, 0x0000000800000000)
  region size 4096K, 43 young (176128K), 6 survivors (24576K)
 Metaspace       used 122618K, committed 123968K, reserved 1179648K
  class space    used 16374K, committed 17024K, reserved 1048576K
}
Event: 160.483 GC heap after
{Heap after GC invocations=79 (full 16):
 garbage-first heap   total 385024K, used 184556K [0x0000000600000000, 0x0000000800000000)
  region size 4096K, 6 young (24576K), 6 survivors (24576K)
 Metaspace       used 122618K, committed 123968K, reserved 1179648K
  class space    used 16374K, committed 17024K, reserved 1048576K
}
Event: 160.967 GC heap before
{Heap before GC invocations=79 (full 16):
 garbage-first heap   total 385024K, used 319724K [0x0000000600000000, 0x0000000800000000)
  region size 4096K, 32 young (131072K), 6 survivors (24576K)
 Metaspace       used 123776K, committed 125120K, reserved 1179648K
  class space    used 16545K, committed 17216K, reserved 1048576K
}
Event: 160.977 GC heap after
{Heap after GC invocations=80 (full 16):
 garbage-first heap   total 393216K, used 236563K [0x0000000600000000, 0x0000000800000000)
  region size 4096K, 4 young (16384K), 4 survivors (16384K)
 Metaspace       used 123776K, committed 125120K, reserved 1179648K
  class space    used 16545K, committed 17216K, reserved 1048576K
}
Event: 161.297 GC heap before
{Heap before GC invocations=80 (full 16):
 garbage-first heap   total 393216K, used 293907K [0x0000000600000000, 0x0000000800000000)
  region size 4096K, 19 young (77824K), 4 survivors (16384K)
 Metaspace       used 125138K, committed 126528K, reserved 1179648K
  class space    used 16914K, committed 17600K, reserved 1048576K
}
Event: 161.307 GC heap after
{Heap after GC invocations=81 (full 16):
 garbage-first heap   total 622592K, used 257709K [0x0000000600000000, 0x0000000800000000)
  region size 4096K, 3 young (12288K), 3 survivors (12288K)
 Metaspace       used 125138K, committed 126528K, reserved 1179648K
  class space    used 16914K, committed 17600K, reserved 1048576K
}
Event: 161.735 GC heap before
{Heap before GC invocations=81 (full 16):
 garbage-first heap   total 622592K, used 433837K [0x0000000600000000, 0x0000000800000000)
  region size 4096K, 47 young (192512K), 3 survivors (12288K)
 Metaspace       used 126605K, committed 128000K, reserved 1179648K
  class space    used 17128K, committed 17792K, reserved 1048576K
}
Event: 161.770 GC heap after
{Heap after GC invocations=82 (full 16):
 garbage-first heap   total 622592K, used 346812K [0x0000000600000000, 0x0000000800000000)
  region size 4096K, 6 young (24576K), 6 survivors (24576K)
 Metaspace       used 126605K, committed 128000K, reserved 1179648K
  class space    used 17128K, committed 17792K, reserved 1048576K
}
Event: 162.369 GC heap before
{Heap before GC invocations=82 (full 16):
 garbage-first heap   total 622592K, used 449212K [0x0000000600000000, 0x0000000800000000)
  region size 4096K, 31 young (126976K), 6 survivors (24576K)
 Metaspace       used 129933K, committed 131328K, reserved 1179648K
  class space    used 17586K, committed 18240K, reserved 1048576K
}
Event: 162.390 GC heap after
{Heap after GC invocations=83 (full 16):
 garbage-first heap   total 622592K, used 376917K [0x0000000600000000, 0x0000000800000000)
  region size 4096K, 4 young (16384K), 4 survivors (16384K)
 Metaspace       used 129933K, committed 131328K, reserved 1179648K
  class space    used 17586K, committed 18240K, reserved 1048576K
}

