# JRE version: OpenJDK Runtime Environment Temurin-25.0.3+9 (25.0.3+9) (build 25.0.3+9-LTS)
# Java VM: OpenJDK 64-Bit Server VM Temurin-25.0.3+9 (25.0.3+9-LTS, mixed mode, sharing, tiered, compressed oops, compressed class ptrs, g1 gc, windows-amd64)
GC Precious Log:
 CardTable entry size: 512
 Card Set container configuration: InlinePtr #cards 4 size 8 Array Of Cards #cards 32 size 80 Howl #buckets 8 coarsen threshold 7372 Howl Bitmap #cards 1024 size 144 coarsen threshold 921 Card regions per heap region 1 cards per card region 8192
 CPUs: 12 total, 12 available
 Memory: 17285M
 Large Page Support: Disabled
 NUMA Support: Disabled
 Compressed Oops: Enabled (Zero based)
 Heap Region Size: 4M
 Heap Min Capacity: 8M
 Heap Initial Capacity: 272M
 Heap Max Capacity: 8G
 Pre-touch: Disabled
 Parallel Workers: 10
 Concurrent Workers: 3
 Concurrent Refinement Workers: 10
 Periodic GC: Disabled
Heap:
 garbage-first heap   total reserved 8388608K, committed 765952K, used 198430K [0x0000000600000000, 0x0000000800000000)
  region size 4096K, 6 young (24576K), 6 survivors (24576K)
GC Heap Usage History (20 events):
Event: 28.976 {heap After GC invocations=64 (full 0):
 garbage-first heap   total reserved 8388608K, committed 425984K, used 160597K [0x0000000600000000, 0x0000000800000000)
  region size 4096K, 8 young (32768K), 8 survivors (32768K)
}
Event: 29.126 {heap Before GC invocations=65 (full 0):
 garbage-first heap   total reserved 8388608K, committed 425984K, used 369493K [0x0000000600000000, 0x0000000800000000)
  region size 4096K, 59 young (241664K), 8 survivors (32768K)
}
Event: 29.134 {heap After GC invocations=66 (full 0):
 garbage-first heap   total reserved 8388608K, committed 425984K, used 173000K [0x0000000600000000, 0x0000000800000000)
  region size 4096K, 2 young (8192K), 2 survivors (8192K)
}
Event: 29.236 {heap Before GC invocations=66 (full 0):
 garbage-first heap   total reserved 8388608K, committed 425984K, used 377800K [0x0000000600000000, 0x0000000800000000)
  region size 4096K, 52 young (212992K), 2 survivors (8192K)
}
Event: 29.241 {heap After GC invocations=67 (full 0):
 garbage-first heap   total reserved 8388608K, committed 626688K, used 172010K [0x0000000600000000, 0x0000000800000000)
  region size 4096K, 4 young (16384K), 4 survivors (16384K)
}
Event: 29.434 {heap Before GC invocations=67 (full 0):
 garbage-first heap   total reserved 8388608K, committed 626688K, used 524266K [0x0000000600000000, 0x0000000800000000)
  region size 4096K, 91 young (372736K), 4 survivors (16384K)
}
Event: 29.438 {heap After GC invocations=68 (full 0):
 garbage-first heap   total reserved 8388608K, committed 626688K, used 174924K [0x0000000600000000, 0x0000000800000000)
  region size 4096K, 5 young (20480K), 5 survivors (20480K)
}
Event: 29.613 {heap Before GC invocations=68 (full 0):
 garbage-first heap   total reserved 8388608K, committed 626688K, used 527180K [0x0000000600000000, 0x0000000800000000)
  region size 4096K, 91 young (372736K), 5 survivors (20480K)
}
Event: 29.617 {heap After GC invocations=69 (full 0):
 garbage-first heap   total reserved 8388608K, committed 626688K, used 179588K [0x0000000600000000, 0x0000000800000000)
  region size 4096K, 5 young (20480K), 5 survivors (20480K)
}
Event: 29.768 {heap Before GC invocations=69 (full 0):
 garbage-first heap   total reserved 8388608K, committed 626688K, used 531844K [0x0000000600000000, 0x0000000800000000)
  region size 4096K, 91 young (372736K), 5 survivors (20480K)
}
Event: 29.773 {heap After GC invocations=70 (full 0):
 garbage-first heap   total reserved 8388608K, committed 626688K, used 184083K [0x0000000600000000, 0x0000000800000000)
  region size 4096K, 6 young (24576K), 6 survivors (24576K)
}
Event: 29.890 {heap Before GC invocations=70 (full 0):
 garbage-first heap   total reserved 8388608K, committed 626688K, used 528147K [0x0000000600000000, 0x0000000800000000)
  region size 4096K, 91 young (372736K), 6 survivors (24576K)
}
Event: 29.896 {heap After GC invocations=71 (full 0):
 garbage-first heap   total reserved 8388608K, committed 765952K, used 186773K [0x0000000600000000, 0x0000000800000000)
  region size 4096K, 7 young (28672K), 7 survivors (28672K)
}
Event: 30.066 {heap Before GC invocations=71 (full 0):
 garbage-first heap   total reserved 8388608K, committed 765952K, used 612757K [0x0000000600000000, 0x0000000800000000)
  region size 4096K, 112 young (458752K), 7 survivors (28672K)
}
Event: 30.071 {heap After GC invocations=72 (full 0):
 garbage-first heap   total reserved 8388608K, committed 765952K, used 188851K [0x0000000600000000, 0x0000000800000000)
  region size 4096K, 6 young (24576K), 6 survivors (24576K)
}
Event: 30.256 {heap Before GC invocations=72 (full 0):
 garbage-first heap   total reserved 8388608K, committed 765952K, used 623027K [0x0000000600000000, 0x0000000800000000)
  region size 4096K, 112 young (458752K), 6 survivors (24576K)
}
Event: 30.265 {heap After GC invocations=73 (full 0):
 garbage-first heap   total reserved 8388608K, committed 765952K, used 196078K [0x0000000600000000, 0x0000000800000000)
  region size 4096K, 10 young (40960K), 10 survivors (40960K)
}
Event: 30.455 {heap Before GC invocations=73 (full 0):
 garbage-first heap   total reserved 8388608K, committed 765952K, used 613870K [0x0000000600000000, 0x0000000800000000)
  region size 4096K, 112 young (458752K), 10 survivors (40960K)
}
Event: 30.463 {heap After GC invocations=74 (full 0):
 garbage-first heap   total reserved 8388608K, committed 765952K, used 199816K [0x0000000600000000, 0x0000000800000000)
  region size 4096K, 6 young (24576K), 6 survivors (24576K)
}
Event: 30.669 {heap Before GC invocations=74 (full 0):
 garbage-first heap   total reserved 8388608K, committed 765952K, used 629896K [0x0000000600000000, 0x0000000800000000)
  region size 4096K, 112 young (458752K), 6 survivors (24576K)
}

