# JRE version: Java(TM) SE Runtime Environment (17.0.12+8) (build 17.0.12+8-LTS-286)
# Java VM: Java HotSpot(TM) 64-Bit Server VM (17.0.12+8-LTS-286, mixed mode, sharing, tiered, compressed oops, compressed class ptrs, g1 gc, windows-amd64)
GC Precious Log:
 CPUs: 12 total, 12 available
 Memory: 17285M
 Large Page Support: Disabled
 NUMA Support: Disabled
 Compressed Oops: Enabled (32-bit)
 Heap Region Size: 1M
 Heap Min Capacity: 8M
 Heap Initial Capacity: 272M
 Heap Max Capacity: 2G
 Pre-touch: Disabled
 Parallel Workers: 10
 Concurrent Workers: 3
 Concurrent Refinement Workers: 10
 Periodic GC: Disabled
Heap:
 garbage-first heap   total 251904K, used 142390K [0x0000000080000000, 0x0000000100000000)
  region size 1024K, 3 young (3072K), 2 survivors (2048K)
 Metaspace       used 126375K, committed 127104K, reserved 1179648K
  class space    used 16478K, committed 16832K, reserved 1048576K
GC Heap History (20 events):
Event: 16.199 GC heap before
{Heap before GC invocations=30 (full 0):
 garbage-first heap   total 251904K, used 182506K [0x0000000080000000, 0x0000000100000000)
  region size 1024K, 78 young (79872K), 5 survivors (5120K)
 Metaspace       used 99652K, committed 100288K, reserved 1179648K
  class space    used 13275K, committed 13568K, reserved 1048576K
}
Event: 16.202 GC heap after
{Heap after GC invocations=31 (full 0):
 garbage-first heap   total 251904K, used 112272K [0x0000000080000000, 0x0000000100000000)
  region size 1024K, 9 young (9216K), 9 survivors (9216K)
 Metaspace       used 99652K, committed 100288K, reserved 1179648K
  class space    used 13275K, committed 13568K, reserved 1048576K
}
Event: 16.636 GC heap before
{Heap before GC invocations=31 (full 0):
 garbage-first heap   total 251904K, used 191120K [0x0000000080000000, 0x0000000100000000)
  region size 1024K, 83 young (84992K), 9 survivors (9216K)
 Metaspace       used 108916K, committed 109568K, reserved 1179648K
  class space    used 14224K, committed 14528K, reserved 1048576K
}
Event: 16.639 GC heap after
{Heap after GC invocations=32 (full 0):
 garbage-first heap   total 251904K, used 121352K [0x0000000080000000, 0x0000000100000000)
  region size 1024K, 11 young (11264K), 11 survivors (11264K)
 Metaspace       used 108916K, committed 109568K, reserved 1179648K
  class space    used 14224K, committed 14528K, reserved 1048576K
}
Event: 17.071 GC heap before
{Heap before GC invocations=32 (full 0):
 garbage-first heap   total 251904K, used 194056K [0x0000000080000000, 0x0000000100000000)
  region size 1024K, 82 young (83968K), 11 survivors (11264K)
 Metaspace       used 114716K, committed 115392K, reserved 1179648K
  class space    used 14976K, committed 15296K, reserved 1048576K
}
Event: 17.074 GC heap after
{Heap after GC invocations=33 (full 0):
 garbage-first heap   total 251904K, used 125564K [0x0000000080000000, 0x0000000100000000)
  region size 1024K, 4 young (4096K), 4 survivors (4096K)
 Metaspace       used 114716K, committed 115392K, reserved 1179648K
  class space    used 14976K, committed 15296K, reserved 1048576K
}
Event: 17.164 GC heap before
{Heap before GC invocations=33 (full 0):
 garbage-first heap   total 251904K, used 138876K [0x0000000080000000, 0x0000000100000000)
  region size 1024K, 18 young (18432K), 4 survivors (4096K)
 Metaspace       used 115721K, committed 116416K, reserved 1179648K
  class space    used 15117K, committed 15488K, reserved 1048576K
}
Event: 17.165 GC heap after
{Heap after GC invocations=34 (full 0):
 garbage-first heap   total 251904K, used 126127K [0x0000000080000000, 0x0000000100000000)
  region size 1024K, 5 young (5120K), 5 survivors (5120K)
 Metaspace       used 115721K, committed 116416K, reserved 1179648K
  class space    used 15117K, committed 15488K, reserved 1048576K
}
Event: 17.511 GC heap before
{Heap before GC invocations=35 (full 0):
 garbage-first heap   total 251904K, used 207023K [0x0000000080000000, 0x0000000100000000)
  region size 1024K, 78 young (79872K), 5 survivors (5120K)
 Metaspace       used 119553K, committed 120256K, reserved 1179648K
  class space    used 15656K, committed 16000K, reserved 1048576K
}
Event: 17.513 GC heap after
{Heap after GC invocations=36 (full 0):
 garbage-first heap   total 251904K, used 131236K [0x0000000080000000, 0x0000000100000000)
  region size 1024K, 10 young (10240K), 10 survivors (10240K)
 Metaspace       used 119553K, committed 120256K, reserved 1179648K
  class space    used 15656K, committed 16000K, reserved 1048576K
}
Event: 17.526 GC heap before
{Heap before GC invocations=36 (full 0):
 garbage-first heap   total 251904K, used 133284K [0x0000000080000000, 0x0000000100000000)
  region size 1024K, 12 young (12288K), 10 survivors (10240K)
 Metaspace       used 119733K, committed 120512K, reserved 1179648K
  class space    used 15685K, committed 16064K, reserved 1048576K
}
Event: 17.528 GC heap after
{Heap after GC invocations=37 (full 0):
 garbage-first heap   total 251904K, used 128203K [0x0000000080000000, 0x0000000100000000)
  region size 1024K, 1 young (1024K), 1 survivors (1024K)
 Metaspace       used 119733K, committed 120512K, reserved 1179648K
  class space    used 15685K, committed 16064K, reserved 1048576K
}
Event: 17.620 GC heap before
{Heap before GC invocations=37 (full 0):
 garbage-first heap   total 251904K, used 138443K [0x0000000080000000, 0x0000000100000000)
  region size 1024K, 12 young (12288K), 1 survivors (1024K)
 Metaspace       used 121370K, committed 122112K, reserved 1179648K
  class space    used 15924K, committed 16256K, reserved 1048576K
}
Event: 17.622 GC heap after
{Heap after GC invocations=38 (full 0):
 garbage-first heap   total 251904K, used 127969K [0x0000000080000000, 0x0000000100000000)
  region size 1024K, 1 young (1024K), 1 survivors (1024K)
 Metaspace       used 121370K, committed 122112K, reserved 1179648K
  class space    used 15924K, committed 16256K, reserved 1048576K
}
Event: 18.065 GC heap before
{Heap before GC invocations=39 (full 0):
 garbage-first heap   total 251904K, used 209889K [0x0000000080000000, 0x0000000100000000)
  region size 1024K, 76 young (77824K), 1 survivors (1024K)
 Metaspace       used 125282K, committed 125952K, reserved 1179648K
  class space    used 16435K, committed 16768K, reserved 1048576K
}
Event: 18.068 GC heap after
{Heap after GC invocations=40 (full 0):
 garbage-first heap   total 251904K, used 136938K [0x0000000080000000, 0x0000000100000000)
  region size 1024K, 6 young (6144K), 6 survivors (6144K)
 Metaspace       used 125282K, committed 125952K, reserved 1179648K
  class space    used 16435K, committed 16768K, reserved 1048576K
}
Event: 18.094 GC heap before
{Heap before GC invocations=40 (full 0):
 garbage-first heap   total 251904K, used 143082K [0x0000000080000000, 0x0000000100000000)
  region size 1024K, 12 young (12288K), 6 survivors (6144K)
 Metaspace       used 125409K, committed 126080K, reserved 1179648K
  class space    used 16437K, committed 16768K, reserved 1048576K
}
Event: 18.096 GC heap after
{Heap after GC invocations=41 (full 0):
 garbage-first heap   total 251904K, used 135222K [0x0000000080000000, 0x0000000100000000)
  region size 1024K, 1 young (1024K), 1 survivors (1024K)
 Metaspace       used 125409K, committed 126080K, reserved 1179648K
  class space    used 16437K, committed 16768K, reserved 1048576K
}
Event: 18.217 GC heap before
{Heap before GC invocations=41 (full 0):
 garbage-first heap   total 251904K, used 206902K [0x0000000080000000, 0x0000000100000000)
  region size 1024K, 72 young (73728K), 1 survivors (1024K)
 Metaspace       used 125902K, committed 126592K, reserved 1179648K
  class space    used 16468K, committed 16832K, reserved 1048576K
}
Event: 18.218 GC heap after
{Heap after GC invocations=42 (full 0):
 garbage-first heap   total 251904K, used 136070K [0x0000000080000000, 0x0000000100000000)
  region size 1024K, 2 young (2048K), 2 survivors (2048K)
 Metaspace       used 125902K, committed 126592K, reserved 1179648K
  class space    used 16468K, committed 16832K, reserved 1048576K
}

